Performing C SOURCE FILE Test CMAKE_HAVE_LIBC_PTHREAD failed with the following output:
Change Dir: /home/architect/nano/cpp/2.Foundations/Project/CppND-Route-Planning-Project/build/CMakeFiles/CMakeTmp

Run Build Command(s):/usr/bin/make cmTC_c35d7/fast && /usr/bin/make -f CMakeFiles/cmTC_c35d7.dir/build.make CMakeFiles/cmTC_c35d7.dir/build
make[1]: Entering directory '/home/architect/nano/cpp/2.Foundations/Project/CppND-Route-Planning-Project/build/CMakeFiles/CMakeTmp'
Building C object CMakeFiles/cmTC_c35d7.dir/src.c.o
/usr/bin/cc   -DCMAKE_HAVE_LIBC_PTHREAD   -o CMakeFiles/cmTC_c35d7.dir/src.c.o   -c /home/architect/nano/cpp/2.Foundations/Project/CppND-Route-Planning-Project/build/CMakeFiles/CMakeTmp/src.c
Linking C executable cmTC_c35d7
/usr/bin/cmake -E cmake_link_script CMakeFiles/cmTC_c35d7.dir/link.txt --verbose=1
/usr/bin/cc  -DCMAKE_HAVE_LIBC_PTHREAD    -rdynamic CMakeFiles/cmTC_c35d7.dir/src.c.o  -o cmTC_c35d7 
CMakeFiles/cmTC_c35d7.dir/src.c.o: In function `main':
src.c:(.text+0x3c): undefined reference to `pthread_create'
src.c:(.text+0x48): undefined reference to `pthread_detach'
src.c:(.text+0x59): undefined reference to `pthread_join'
src.c:(.text+0x6d): undefined reference to `pthread_atfork'
collect2: error: ld returned 1 exit status
CMakeFiles/cmTC_c35d7.dir/build.make:86: recipe for target 'cmTC_c35d7' failed
make[1]: *** [cmTC_c35d7] Error 1
make[1]: Leaving directory '/home/architect/nano/cpp/2.Foundations/Project/CppND-Route-Planning-Project/build/CMakeFiles/CMakeTmp'
Makefile:121: recipe for target 'cmTC_c35d7/fast' failed
make: *** [cmTC_c35d7/fast] Error 2


Source file was:
#include <pthread.h>

void* test_func(void* data)
{
  return data;
}

int main(void)
{
  pthread_t thread;
  pthread_create(&thread, NULL, test_func, NULL);
  pthread_detach(thread);
  pthread_join(thread, NULL);
  pthread_atfork(NULL, NULL, NULL);
  pthread_exit(NULL);

  return 0;
}

Determining if the function pthread_create exists in the pthreads failed with the following output:
Change Dir: /home/architect/nano/cpp/2.Foundations/Project/CppND-Route-Planning-Project/build/CMakeFiles/CMakeTmp

Run Build Command(s):/usr/bin/make cmTC_e7598/fast && /usr/bin/make -f CMakeFiles/cmTC_e7598.dir/build.make CMakeFiles/cmTC_e7598.dir/build
make[1]: Entering directory '/home/architect/nano/cpp/2.Foundations/Project/CppND-Route-Planning-Project/build/CMakeFiles/CMakeTmp'
Building C object CMakeFiles/cmTC_e7598.dir/CheckFunctionExists.c.o
/usr/bin/cc   -DCHECK_FUNCTION_EXISTS=pthread_create   -o CMakeFiles/cmTC_e7598.dir/CheckFunctionExists.c.o   -c /usr/share/cmake-3.16/Modules/CheckFunctionExists.c
Linking C executable cmTC_e7598
/usr/bin/cmake -E cmake_link_script CMakeFiles/cmTC_e7598.dir/link.txt --verbose=1
/usr/bin/cc  -DCHECK_FUNCTION_EXISTS=pthread_create    -rdynamic CMakeFiles/cmTC_e7598.dir/CheckFunctionExists.c.o  -o cmTC_e7598  -lpthreads 
/usr/bin/ld: cannot find -lpthreads
collect2: error: ld returned 1 exit status
CMakeFiles/cmTC_e7598.dir/build.make:86: recipe for target 'cmTC_e7598' failed
make[1]: *** [cmTC_e7598] Error 1
make[1]: Leaving directory '/home/architect/nano/cpp/2.Foundations/Project/CppND-Route-Planning-Project/build/CMakeFiles/CMakeTmp'
Makefile:121: recipe for target 'cmTC_e7598/fast' failed
make: *** [cmTC_e7598/fast] Error 2



